<?xml version="1.0" encoding="UTF-8"?>
<!-- Generated by org.testng.reporters.JUnitReportReporter -->
<testsuite hostname="Pranav" failures="0" tests="1" name="com.groupExecutionClasses.Vijay" time="3.731" errors="0" timestamp="2024-07-26T16:11:03 IST" skipped="0">
  <testcase classname="com.groupExecutionClasses.Vijay" name="ExecutionScript3" time="3.731">
    <system-out>
      <![CDATA[ExecutionScript3]]>
    </system-out>
  </testcase> <!-- ExecutionScript3 -->
  <system-out>
    <![CDATA[ExecutionScript1
ExecutionScript4
ExecutionScript2
ExecutionScript5
ExecutionScript3]]>
  </system-out>
</testsuite> <!-- com.groupExecutionClasses.Vijay -->
