<?xml version="1.0" encoding="UTF-8"?>
<!-- Generated by org.testng.reporters.JUnitReportReporter -->
<testsuite hostname="Pranav" failures="0" tests="1" name="com.groupExecutionClasses.MaheshBabu" time="3.088" errors="0" timestamp="2024-07-26T16:11:03 IST" skipped="0">
  <testcase classname="com.groupExecutionClasses.MaheshBabu" name="ExecutionScript2" time="3.088">
    <system-out>
      <![CDATA[ExecutionScript2]]>
    </system-out>
  </testcase> <!-- ExecutionScript2 -->
  <system-out>
    <![CDATA[ExecutionScript1
ExecutionScript4
ExecutionScript2
ExecutionScript5
ExecutionScript3]]>
  </system-out>
</testsuite> <!-- com.groupExecutionClasses.MaheshBabu -->
