<?xml version="1.0" encoding="UTF-8"?>
<!-- Generated by org.testng.reporters.JUnitReportReporter -->
<testsuite hostname="Pranav" failures="0" tests="1" name="com.sample.testScript.testScript1" time="0.022" errors="0" timestamp="2024-07-26T15:24:09 IST" skipped="0">
  <testcase classname="com.sample.testScript.testScript1" name="executeScript" time="0.022">
    <system-out>
      <![CDATA[Learning maven]]>
    </system-out>
  </testcase> <!-- executeScript -->
  <system-out>
    <![CDATA[Learning maven]]>
  </system-out>
</testsuite> <!-- com.sample.testScript.testScript1 -->
