<?xml version="1.0" encoding="UTF-8"?>
<!-- Generated by org.testng.reporters.JUnitReportReporter -->
<testsuite hostname="Pranav" failures="0" tests="1" name="com.groupExecutionClasses.VickyKaushal" time="3.648" errors="0" timestamp="2024-07-26T16:11:03 IST" skipped="0">
  <testcase classname="com.groupExecutionClasses.VickyKaushal" name="ExecutionScript4" time="3.648">
    <system-out>
      <![CDATA[ExecutionScript4]]>
    </system-out>
  </testcase> <!-- ExecutionScript4 -->
  <system-out>
    <![CDATA[ExecutionScript1
ExecutionScript4
ExecutionScript2
ExecutionScript5
ExecutionScript3]]>
  </system-out>
</testsuite> <!-- com.groupExecutionClasses.VickyKaushal -->
